Analysis & Elaboration report for BB_SYSTEM
Mon Nov 21 08:30:28 2022
Quartus Prime Version 20.1.0 Build 711 06/05/2020 SJ Lite Edition


---------------------
; Table of Contents ;
---------------------
  1. Legal Notice
  2. Analysis & Elaboration Summary
  3. Parallel Compilation
  4. Analysis & Elaboration Settings
  5. Analysis & Elaboration Messages
  6. Analysis & Elaboration Suppressed Messages



----------------
; Legal Notice ;
----------------
Copyright (C) 2020  Intel Corporation. All rights reserved.
Your use of Intel Corporation's design tools, logic functions 
and other software and tools, and any partner logic 
functions, and any output files from any of the foregoing 
(including device programming or simulation files), and any 
associated documentation or information are expressly subject 
to the terms and conditions of the Intel Program License 
Subscription Agreement, the Intel Quartus Prime License Agreement,
the Intel FPGA IP License Agreement, or other applicable license
agreement, including, without limitation, that your use is for
the sole purpose of programming logic devices manufactured by
Intel and sold by Intel or its authorized distributors.  Please
refer to the applicable agreement for further details, at
https://fpgasoftware.intel.com/eula.



+----------------------------------------------------------------------------------+
; Analysis & Elaboration Summary                                                   ;
+------------------------------------+---------------------------------------------+
; Analysis & Elaboration Status      ; Failed - Mon Nov 21 08:30:28 2022           ;
; Quartus Prime Version              ; 20.1.0 Build 711 06/05/2020 SJ Lite Edition ;
; Revision Name                      ; BB_SYSTEM                                   ;
; Top-level Entity Name              ; BB_SYSTEM                                   ;
; Family                             ; Cyclone IV E                                ;
; Total logic elements               ; N/A until Partition Merge                   ;
;     Total combinational functions  ; N/A until Partition Merge                   ;
;     Dedicated logic registers      ; N/A until Partition Merge                   ;
; Total registers                    ; N/A until Partition Merge                   ;
; Total pins                         ; N/A until Partition Merge                   ;
; Total virtual pins                 ; N/A until Partition Merge                   ;
; Total memory bits                  ; N/A until Partition Merge                   ;
; Embedded Multiplier 9-bit elements ; N/A until Partition Merge                   ;
; Total PLLs                         ; N/A until Partition Merge                   ;
+------------------------------------+---------------------------------------------+


+------------------------------------------+
; Parallel Compilation                     ;
+----------------------------+-------------+
; Processors                 ; Number      ;
+----------------------------+-------------+
; Number detected on machine ; 8           ;
; Maximum allowed            ; 4           ;
;                            ;             ;
; Average used               ; 1.00        ;
; Maximum used               ; 1           ;
;                            ;             ;
; Usage by Processor         ; % Time Used ;
;     Processor 1            ; 100.0%      ;
+----------------------------+-------------+


+------------------------------------------------------------------------------------------------------------+
; Analysis & Elaboration Settings                                                                            ;
+------------------------------------------------------------------+--------------------+--------------------+
; Option                                                           ; Setting            ; Default Value      ;
+------------------------------------------------------------------+--------------------+--------------------+
; Device                                                           ; EP4CE22F17C6       ;                    ;
; Top-level entity name                                            ; BB_SYSTEM          ; BB_SYSTEM          ;
; Family name                                                      ; Cyclone IV E       ; Cyclone V          ;
; Maximum processors allowed for parallel compilation              ; 4                  ;                    ;
; Use smart compilation                                            ; Off                ; Off                ;
; Enable parallel Assembler and Timing Analyzer during compilation ; On                 ; On                 ;
; Enable compact report table                                      ; Off                ; Off                ;
; Restructure Multiplexers                                         ; Auto               ; Auto               ;
; Create Debugging Nodes for IP Cores                              ; Off                ; Off                ;
; Preserve fewer node names                                        ; On                 ; On                 ;
; Intel FPGA IP Evaluation Mode                                    ; Enable             ; Enable             ;
; Verilog Version                                                  ; Verilog_2001       ; Verilog_2001       ;
; VHDL Version                                                     ; VHDL_1993          ; VHDL_1993          ;
; State Machine Processing                                         ; Auto               ; Auto               ;
; Safe State Machine                                               ; Off                ; Off                ;
; Extract Verilog State Machines                                   ; On                 ; On                 ;
; Extract VHDL State Machines                                      ; On                 ; On                 ;
; Ignore Verilog initial constructs                                ; Off                ; Off                ;
; Iteration limit for constant Verilog loops                       ; 5000               ; 5000               ;
; Iteration limit for non-constant Verilog loops                   ; 250                ; 250                ;
; Add Pass-Through Logic to Inferred RAMs                          ; On                 ; On                 ;
; Infer RAMs from Raw Logic                                        ; On                 ; On                 ;
; Parallel Synthesis                                               ; On                 ; On                 ;
; DSP Block Balancing                                              ; Auto               ; Auto               ;
; NOT Gate Push-Back                                               ; On                 ; On                 ;
; Power-Up Don't Care                                              ; On                 ; On                 ;
; Remove Redundant Logic Cells                                     ; Off                ; Off                ;
; Remove Duplicate Registers                                       ; On                 ; On                 ;
; Ignore CARRY Buffers                                             ; Off                ; Off                ;
; Ignore CASCADE Buffers                                           ; Off                ; Off                ;
; Ignore GLOBAL Buffers                                            ; Off                ; Off                ;
; Ignore ROW GLOBAL Buffers                                        ; Off                ; Off                ;
; Ignore LCELL Buffers                                             ; Off                ; Off                ;
; Ignore SOFT Buffers                                              ; On                 ; On                 ;
; Limit AHDL Integers to 32 Bits                                   ; Off                ; Off                ;
; Optimization Technique                                           ; Balanced           ; Balanced           ;
; Carry Chain Length                                               ; 70                 ; 70                 ;
; Auto Carry Chains                                                ; On                 ; On                 ;
; Auto Open-Drain Pins                                             ; On                 ; On                 ;
; Perform WYSIWYG Primitive Resynthesis                            ; Off                ; Off                ;
; Auto ROM Replacement                                             ; On                 ; On                 ;
; Auto RAM Replacement                                             ; On                 ; On                 ;
; Auto DSP Block Replacement                                       ; On                 ; On                 ;
; Auto Shift Register Replacement                                  ; Auto               ; Auto               ;
; Allow Shift Register Merging across Hierarchies                  ; Auto               ; Auto               ;
; Auto Clock Enable Replacement                                    ; On                 ; On                 ;
; Strict RAM Replacement                                           ; Off                ; Off                ;
; Allow Synchronous Control Signals                                ; On                 ; On                 ;
; Force Use of Synchronous Clear Signals                           ; Off                ; Off                ;
; Auto RAM Block Balancing                                         ; On                 ; On                 ;
; Auto RAM to Logic Cell Conversion                                ; Off                ; Off                ;
; Auto Resource Sharing                                            ; Off                ; Off                ;
; Allow Any RAM Size For Recognition                               ; Off                ; Off                ;
; Allow Any ROM Size For Recognition                               ; Off                ; Off                ;
; Allow Any Shift Register Size For Recognition                    ; Off                ; Off                ;
; Use LogicLock Constraints during Resource Balancing              ; On                 ; On                 ;
; Ignore translate_off and synthesis_off directives                ; Off                ; Off                ;
; Timing-Driven Synthesis                                          ; On                 ; On                 ;
; Report Parameter Settings                                        ; On                 ; On                 ;
; Report Source Assignments                                        ; On                 ; On                 ;
; Report Connectivity Checks                                       ; On                 ; On                 ;
; Ignore Maximum Fan-Out Assignments                               ; Off                ; Off                ;
; Synchronization Register Chain Length                            ; 2                  ; 2                  ;
; Power Optimization During Synthesis                              ; Normal compilation ; Normal compilation ;
; HDL message level                                                ; Level2             ; Level2             ;
; Suppress Register Optimization Related Messages                  ; Off                ; Off                ;
; Number of Removed Registers Reported in Synthesis Report         ; 5000               ; 5000               ;
; Number of Swept Nodes Reported in Synthesis Report               ; 5000               ; 5000               ;
; Number of Inverted Registers Reported in Synthesis Report        ; 100                ; 100                ;
; Clock MUX Protection                                             ; On                 ; On                 ;
; Auto Gated Clock Conversion                                      ; Off                ; Off                ;
; Block Design Naming                                              ; Auto               ; Auto               ;
; SDC constraint protection                                        ; Off                ; Off                ;
; Synthesis Effort                                                 ; Auto               ; Auto               ;
; Shift Register Replacement - Allow Asynchronous Clear Signal     ; On                 ; On                 ;
; Pre-Mapping Resynthesis Optimization                             ; Off                ; Off                ;
; Analysis & Synthesis Message Level                               ; Medium             ; Medium             ;
; Disable Register Merging Across Hierarchies                      ; Auto               ; Auto               ;
; Resource Aware Inference For Block RAM                           ; On                 ; On                 ;
+------------------------------------------------------------------+--------------------+--------------------+


+---------------------------------+
; Analysis & Elaboration Messages ;
+---------------------------------+
Info: *******************************************************************
Info: Running Quartus Prime Analysis & Elaboration
    Info: Version 20.1.0 Build 711 06/05/2020 SJ Lite Edition
    Info: Processing started: Mon Nov 21 08:30:21 2022
Info: Command: quartus_map --read_settings_files=on --write_settings_files=off BB_SYSTEM -c BB_SYSTEM --analysis_and_elaboration
Info (20032): Parallel compilation is enabled and will use up to 4 processors
Warning (10238): Verilog Module Declaration warning at SC_STATEMACHINEBACKG.v(34): ignored anonymous port(s) indicated by duplicate or dangling comma(s) in the port list for module "SC_STATEMACHINEBACKG" File: C:/Users/mateo/Desktop/Frogger_ganador/rtl/SC_STATEMACHINEBACKG.v Line: 34
Info (12021): Found 1 design units, including 1 entities, in source file rtl/sc_statemachinebackg.v
    Info (12023): Found entity 1: SC_STATEMACHINEBACKG File: C:/Users/mateo/Desktop/Frogger_ganador/rtl/SC_STATEMACHINEBACKG.v Line: 21
Info (12021): Found 1 design units, including 1 entities, in source file rtl/sc_regbackgtype.v
    Info (12023): Found entity 1: SC_RegBACKGTYPE File: C:/Users/mateo/Desktop/Frogger_ganador/rtl/SC_RegBACKGTYPE.v Line: 21
Info (12021): Found 1 design units, including 1 entities, in source file rtl/sc_statemachinepoint.v
    Info (12023): Found entity 1: SC_STATEMACHINEPOINT File: C:/Users/mateo/Desktop/Frogger_ganador/rtl/SC_STATEMACHINEPOINT.v Line: 21
Info (12021): Found 1 design units, including 1 entities, in source file rtl/sc_regpointtype.v
    Info (12023): Found entity 1: SC_RegPOINTTYPE File: C:/Users/mateo/Desktop/Frogger_ganador/rtl/SC_RegPOINTTYPE.v Line: 21
Info (12021): Found 1 design units, including 1 entities, in source file rtl/cc_bottomsidecomparator.v
    Info (12023): Found entity 1: CC_BOTTOMSIDECOMPARATOR File: C:/Users/mateo/Desktop/Frogger_ganador/rtl/CC_BOTTOMSIDECOMPARATOR.v Line: 21
Info (12021): Found 1 design units, including 1 entities, in source file rtl/sc_upcounter.v
    Info (12023): Found entity 1: SC_upCOUNTER File: C:/Users/mateo/Desktop/Frogger_ganador/rtl/SC_upCOUNTER.v Line: 21
Info (12021): Found 1 design units, including 1 entities, in source file rtl/cc_sevenseg1.v
    Info (12023): Found entity 1: CC_SEVENSEG1 File: C:/Users/mateo/Desktop/Frogger_ganador/rtl/CC_SEVENSEG1.v Line: 24
Info (12021): Found 1 design units, including 1 entities, in source file rtl/cc_bin2bcd1.v
    Info (12023): Found entity 1: CC_BIN2BCD1 File: C:/Users/mateo/Desktop/Frogger_ganador/rtl/CC_BIN2BCD1.v Line: 19
Info (12021): Found 1 design units, including 1 entities, in source file rtl/sc_upspeedcounter.v
    Info (12023): Found entity 1: SC_upSPEEDCOUNTER File: C:/Users/mateo/Desktop/Frogger_ganador/rtl/SC_upSPEEDCOUNTER.v Line: 21
Info (12021): Found 1 design units, including 1 entities, in source file rtl/cc_speedcomparator.v
    Info (12023): Found entity 1: CC_SPEEDCOMPARATOR File: C:/Users/mateo/Desktop/Frogger_ganador/rtl/CC_SPEEDCOMPARATOR.v Line: 21
Info (12021): Found 1 design units, including 1 entities, in source file rtl/shift_reg_start_done.v
    Info (12023): Found entity 1: shift_reg_start_done File: C:/Users/mateo/Desktop/Frogger_ganador/rtl/shift_reg_start_done.v Line: 34
Info (12021): Found 1 design units, including 1 entities, in source file rtl/max7219_ctrl.v
    Info (12023): Found entity 1: matrix_ctrl File: C:/Users/mateo/Desktop/Frogger_ganador/rtl/max7219_ctrl.v Line: 18
Info (12021): Found 1 design units, including 1 entities, in source file rtl/sc_debounce1.v
    Info (12023): Found entity 1: SC_DEBOUNCE1 File: C:/Users/mateo/Desktop/Frogger_ganador/rtl/SC_DEBOUNCE1.v Line: 44
Error (10170): Verilog HDL syntax error at BB_SYSTEM.v(602) near text: Ã. Check for and fix any syntax errors that appear immediately before or at the specified keyword. The Intel FPGA Knowledge Database contains many articles with specific details on how to resolve this error. Visit the Knowledge Database at https://www.altera.com/support/support-resources/knowledge-base/search.html and search for this specific error message number. File: C:/Users/mateo/Desktop/Frogger_ganador/BB_SYSTEM.v Line: 602
Error (10170): Verilog HDL syntax error at BB_SYSTEM.v(602) near text: "Ã";  expecting ")". Check for and fix any syntax errors that appear immediately before or at the specified keyword. The Intel FPGA Knowledge Database contains many articles with specific details on how to resolve this error. Visit the Knowledge Database at https://www.altera.com/support/support-resources/knowledge-base/search.html and search for this specific error message number. File: C:/Users/mateo/Desktop/Frogger_ganador/BB_SYSTEM.v Line: 602
Error (10170): Verilog HDL syntax error at BB_SYSTEM.v(602) near text: ±. Check for and fix any syntax errors that appear immediately before or at the specified keyword. The Intel FPGA Knowledge Database contains many articles with specific details on how to resolve this error. Visit the Knowledge Database at https://www.altera.com/support/support-resources/knowledge-base/search.html and search for this specific error message number. File: C:/Users/mateo/Desktop/Frogger_ganador/BB_SYSTEM.v Line: 602
Error (10170): Verilog HDL syntax error at BB_SYSTEM.v(605) near text: Ã. Check for and fix any syntax errors that appear immediately before or at the specified keyword. The Intel FPGA Knowledge Database contains many articles with specific details on how to resolve this error. Visit the Knowledge Database at https://www.altera.com/support/support-resources/knowledge-base/search.html and search for this specific error message number. File: C:/Users/mateo/Desktop/Frogger_ganador/BB_SYSTEM.v Line: 605
Error (10170): Verilog HDL syntax error at BB_SYSTEM.v(605) near text: ±. Check for and fix any syntax errors that appear immediately before or at the specified keyword. The Intel FPGA Knowledge Database contains many articles with specific details on how to resolve this error. Visit the Knowledge Database at https://www.altera.com/support/support-resources/knowledge-base/search.html and search for this specific error message number. File: C:/Users/mateo/Desktop/Frogger_ganador/BB_SYSTEM.v Line: 605
Error (10170): Verilog HDL syntax error at BB_SYSTEM.v(609) near text: Ã. Check for and fix any syntax errors that appear immediately before or at the specified keyword. The Intel FPGA Knowledge Database contains many articles with specific details on how to resolve this error. Visit the Knowledge Database at https://www.altera.com/support/support-resources/knowledge-base/search.html and search for this specific error message number. File: C:/Users/mateo/Desktop/Frogger_ganador/BB_SYSTEM.v Line: 609
Error (10170): Verilog HDL syntax error at BB_SYSTEM.v(609) near text: "Ã";  expecting ")". Check for and fix any syntax errors that appear immediately before or at the specified keyword. The Intel FPGA Knowledge Database contains many articles with specific details on how to resolve this error. Visit the Knowledge Database at https://www.altera.com/support/support-resources/knowledge-base/search.html and search for this specific error message number. File: C:/Users/mateo/Desktop/Frogger_ganador/BB_SYSTEM.v Line: 609
Error (10170): Verilog HDL syntax error at BB_SYSTEM.v(609) near text: ±. Check for and fix any syntax errors that appear immediately before or at the specified keyword. The Intel FPGA Knowledge Database contains many articles with specific details on how to resolve this error. Visit the Knowledge Database at https://www.altera.com/support/support-resources/knowledge-base/search.html and search for this specific error message number. File: C:/Users/mateo/Desktop/Frogger_ganador/BB_SYSTEM.v Line: 609
Error (10170): Verilog HDL syntax error at BB_SYSTEM.v(610) near text: Ã. Check for and fix any syntax errors that appear immediately before or at the specified keyword. The Intel FPGA Knowledge Database contains many articles with specific details on how to resolve this error. Visit the Knowledge Database at https://www.altera.com/support/support-resources/knowledge-base/search.html and search for this specific error message number. File: C:/Users/mateo/Desktop/Frogger_ganador/BB_SYSTEM.v Line: 610
Error (10170): Verilog HDL syntax error at BB_SYSTEM.v(610) near text: ±. Check for and fix any syntax errors that appear immediately before or at the specified keyword. The Intel FPGA Knowledge Database contains many articles with specific details on how to resolve this error. Visit the Knowledge Database at https://www.altera.com/support/support-resources/knowledge-base/search.html and search for this specific error message number. File: C:/Users/mateo/Desktop/Frogger_ganador/BB_SYSTEM.v Line: 610
Error (10170): Verilog HDL syntax error at BB_SYSTEM.v(615) near text: Ã. Check for and fix any syntax errors that appear immediately before or at the specified keyword. The Intel FPGA Knowledge Database contains many articles with specific details on how to resolve this error. Visit the Knowledge Database at https://www.altera.com/support/support-resources/knowledge-base/search.html and search for this specific error message number. File: C:/Users/mateo/Desktop/Frogger_ganador/BB_SYSTEM.v Line: 615
Error (10170): Verilog HDL syntax error at BB_SYSTEM.v(615) near text: "Ã";  expecting ")". Check for and fix any syntax errors that appear immediately before or at the specified keyword. The Intel FPGA Knowledge Database contains many articles with specific details on how to resolve this error. Visit the Knowledge Database at https://www.altera.com/support/support-resources/knowledge-base/search.html and search for this specific error message number. File: C:/Users/mateo/Desktop/Frogger_ganador/BB_SYSTEM.v Line: 615
Error (10170): Verilog HDL syntax error at BB_SYSTEM.v(615) near text: ±. Check for and fix any syntax errors that appear immediately before or at the specified keyword. The Intel FPGA Knowledge Database contains many articles with specific details on how to resolve this error. Visit the Knowledge Database at https://www.altera.com/support/support-resources/knowledge-base/search.html and search for this specific error message number. File: C:/Users/mateo/Desktop/Frogger_ganador/BB_SYSTEM.v Line: 615
Error (10170): Verilog HDL syntax error at BB_SYSTEM.v(622) near text: Ã. Check for and fix any syntax errors that appear immediately before or at the specified keyword. The Intel FPGA Knowledge Database contains many articles with specific details on how to resolve this error. Visit the Knowledge Database at https://www.altera.com/support/support-resources/knowledge-base/search.html and search for this specific error message number. File: C:/Users/mateo/Desktop/Frogger_ganador/BB_SYSTEM.v Line: 622
Error (10170): Verilog HDL syntax error at BB_SYSTEM.v(622) near text: "Ã";  expecting ")". Check for and fix any syntax errors that appear immediately before or at the specified keyword. The Intel FPGA Knowledge Database contains many articles with specific details on how to resolve this error. Visit the Knowledge Database at https://www.altera.com/support/support-resources/knowledge-base/search.html and search for this specific error message number. File: C:/Users/mateo/Desktop/Frogger_ganador/BB_SYSTEM.v Line: 622
Error (10170): Verilog HDL syntax error at BB_SYSTEM.v(622) near text: ±. Check for and fix any syntax errors that appear immediately before or at the specified keyword. The Intel FPGA Knowledge Database contains many articles with specific details on how to resolve this error. Visit the Knowledge Database at https://www.altera.com/support/support-resources/knowledge-base/search.html and search for this specific error message number. File: C:/Users/mateo/Desktop/Frogger_ganador/BB_SYSTEM.v Line: 622
Error (10170): Verilog HDL syntax error at BB_SYSTEM.v(623) near text: Ã. Check for and fix any syntax errors that appear immediately before or at the specified keyword. The Intel FPGA Knowledge Database contains many articles with specific details on how to resolve this error. Visit the Knowledge Database at https://www.altera.com/support/support-resources/knowledge-base/search.html and search for this specific error message number. File: C:/Users/mateo/Desktop/Frogger_ganador/BB_SYSTEM.v Line: 623
Error (10170): Verilog HDL syntax error at BB_SYSTEM.v(623) near text: ±. Check for and fix any syntax errors that appear immediately before or at the specified keyword. The Intel FPGA Knowledge Database contains many articles with specific details on how to resolve this error. Visit the Knowledge Database at https://www.altera.com/support/support-resources/knowledge-base/search.html and search for this specific error message number. File: C:/Users/mateo/Desktop/Frogger_ganador/BB_SYSTEM.v Line: 623
Error (10112): Ignored design unit "BB_SYSTEM" at BB_SYSTEM.v(21) due to previous errors File: C:/Users/mateo/Desktop/Frogger_ganador/BB_SYSTEM.v Line: 21
Info (12021): Found 0 design units, including 0 entities, in source file bb_system.v
Info (12021): Found 1 design units, including 1 entities, in source file rtl/losingcomparator.v
    Info (12023): Found entity 1: CC_MATRIXCOMPARATOR File: C:/Users/mateo/Desktop/Frogger_ganador/rtl/LosingComparator.v Line: 7
Info (12021): Found 1 design units, including 1 entities, in source file rtl/last_register_comparator.v
    Info (12023): Found entity 1: CC_LastRegisterCOMPARATOR File: C:/Users/mateo/Desktop/Frogger_ganador/rtl/Last_register_comparator.v Line: 21
Error (10170): Verilog HDL syntax error at SC_LIVES_COUNTER.v(6) near text: Ã. Check for and fix any syntax errors that appear immediately before or at the specified keyword. The Intel FPGA Knowledge Database contains many articles with specific details on how to resolve this error. Visit the Knowledge Database at https://www.altera.com/support/support-resources/knowledge-base/search.html and search for this specific error message number. File: C:/Users/mateo/Desktop/Frogger_ganador/rtl/SC_LIVES_COUNTER.v Line: 6
Error (10170): Verilog HDL syntax error at SC_LIVES_COUNTER.v(6) near text: "Ã";  expecting ")". Check for and fix any syntax errors that appear immediately before or at the specified keyword. The Intel FPGA Knowledge Database contains many articles with specific details on how to resolve this error. Visit the Knowledge Database at https://www.altera.com/support/support-resources/knowledge-base/search.html and search for this specific error message number. File: C:/Users/mateo/Desktop/Frogger_ganador/rtl/SC_LIVES_COUNTER.v Line: 6
Error (10170): Verilog HDL syntax error at SC_LIVES_COUNTER.v(6) near text: ±. Check for and fix any syntax errors that appear immediately before or at the specified keyword. The Intel FPGA Knowledge Database contains many articles with specific details on how to resolve this error. Visit the Knowledge Database at https://www.altera.com/support/support-resources/knowledge-base/search.html and search for this specific error message number. File: C:/Users/mateo/Desktop/Frogger_ganador/rtl/SC_LIVES_COUNTER.v Line: 6
Error (10170): Verilog HDL syntax error at SC_LIVES_COUNTER.v(19) near text: Ã. Check for and fix any syntax errors that appear immediately before or at the specified keyword. The Intel FPGA Knowledge Database contains many articles with specific details on how to resolve this error. Visit the Knowledge Database at https://www.altera.com/support/support-resources/knowledge-base/search.html and search for this specific error message number. File: C:/Users/mateo/Desktop/Frogger_ganador/rtl/SC_LIVES_COUNTER.v Line: 19
Error (10170): Verilog HDL syntax error at SC_LIVES_COUNTER.v(19) near text: "Ã";  expecting ";". Check for and fix any syntax errors that appear immediately before or at the specified keyword. The Intel FPGA Knowledge Database contains many articles with specific details on how to resolve this error. Visit the Knowledge Database at https://www.altera.com/support/support-resources/knowledge-base/search.html and search for this specific error message number. File: C:/Users/mateo/Desktop/Frogger_ganador/rtl/SC_LIVES_COUNTER.v Line: 19
Error (10170): Verilog HDL syntax error at SC_LIVES_COUNTER.v(19) near text: ±. Check for and fix any syntax errors that appear immediately before or at the specified keyword. The Intel FPGA Knowledge Database contains many articles with specific details on how to resolve this error. Visit the Knowledge Database at https://www.altera.com/support/support-resources/knowledge-base/search.html and search for this specific error message number. File: C:/Users/mateo/Desktop/Frogger_ganador/rtl/SC_LIVES_COUNTER.v Line: 19
Error (10170): Verilog HDL syntax error at SC_LIVES_COUNTER.v(52) near text: Ã. Check for and fix any syntax errors that appear immediately before or at the specified keyword. The Intel FPGA Knowledge Database contains many articles with specific details on how to resolve this error. Visit the Knowledge Database at https://www.altera.com/support/support-resources/knowledge-base/search.html and search for this specific error message number. File: C:/Users/mateo/Desktop/Frogger_ganador/rtl/SC_LIVES_COUNTER.v Line: 52
Error (10170): Verilog HDL syntax error at SC_LIVES_COUNTER.v(52) near text: "Ã";  expecting "=". Check for and fix any syntax errors that appear immediately before or at the specified keyword. The Intel FPGA Knowledge Database contains many articles with specific details on how to resolve this error. Visit the Knowledge Database at https://www.altera.com/support/support-resources/knowledge-base/search.html and search for this specific error message number. File: C:/Users/mateo/Desktop/Frogger_ganador/rtl/SC_LIVES_COUNTER.v Line: 52
Error (10170): Verilog HDL syntax error at SC_LIVES_COUNTER.v(52) near text: ±. Check for and fix any syntax errors that appear immediately before or at the specified keyword. The Intel FPGA Knowledge Database contains many articles with specific details on how to resolve this error. Visit the Knowledge Database at https://www.altera.com/support/support-resources/knowledge-base/search.html and search for this specific error message number. File: C:/Users/mateo/Desktop/Frogger_ganador/rtl/SC_LIVES_COUNTER.v Line: 52
Error (10112): Ignored design unit "SC_LIVES_COUNTER" at SC_LIVES_COUNTER.v(4) due to previous errors File: C:/Users/mateo/Desktop/Frogger_ganador/rtl/SC_LIVES_COUNTER.v Line: 4
Info (12021): Found 0 design units, including 0 entities, in source file rtl/sc_lives_counter.v
Error (10170): Verilog HDL syntax error at SC_COUNTER_LEVELS.v(3) near text: Ã. Check for and fix any syntax errors that appear immediately before or at the specified keyword. The Intel FPGA Knowledge Database contains many articles with specific details on how to resolve this error. Visit the Knowledge Database at https://www.altera.com/support/support-resources/knowledge-base/search.html and search for this specific error message number. File: C:/Users/mateo/Desktop/Frogger_ganador/rtl/SC_COUNTER_LEVELS.v Line: 3
Error (10170): Verilog HDL syntax error at SC_COUNTER_LEVELS.v(3) near text: "Ã";  expecting ")". Check for and fix any syntax errors that appear immediately before or at the specified keyword. The Intel FPGA Knowledge Database contains many articles with specific details on how to resolve this error. Visit the Knowledge Database at https://www.altera.com/support/support-resources/knowledge-base/search.html and search for this specific error message number. File: C:/Users/mateo/Desktop/Frogger_ganador/rtl/SC_COUNTER_LEVELS.v Line: 3
Error (10170): Verilog HDL syntax error at SC_COUNTER_LEVELS.v(3) near text: ±. Check for and fix any syntax errors that appear immediately before or at the specified keyword. The Intel FPGA Knowledge Database contains many articles with specific details on how to resolve this error. Visit the Knowledge Database at https://www.altera.com/support/support-resources/knowledge-base/search.html and search for this specific error message number. File: C:/Users/mateo/Desktop/Frogger_ganador/rtl/SC_COUNTER_LEVELS.v Line: 3
Error (10170): Verilog HDL syntax error at SC_COUNTER_LEVELS.v(7) near text: Ã. Check for and fix any syntax errors that appear immediately before or at the specified keyword. The Intel FPGA Knowledge Database contains many articles with specific details on how to resolve this error. Visit the Knowledge Database at https://www.altera.com/support/support-resources/knowledge-base/search.html and search for this specific error message number. File: C:/Users/mateo/Desktop/Frogger_ganador/rtl/SC_COUNTER_LEVELS.v Line: 7
Error (10170): Verilog HDL syntax error at SC_COUNTER_LEVELS.v(7) near text: "Ã";  expecting ")". Check for and fix any syntax errors that appear immediately before or at the specified keyword. The Intel FPGA Knowledge Database contains many articles with specific details on how to resolve this error. Visit the Knowledge Database at https://www.altera.com/support/support-resources/knowledge-base/search.html and search for this specific error message number. File: C:/Users/mateo/Desktop/Frogger_ganador/rtl/SC_COUNTER_LEVELS.v Line: 7
Error (10170): Verilog HDL syntax error at SC_COUNTER_LEVELS.v(7) near text: ±. Check for and fix any syntax errors that appear immediately before or at the specified keyword. The Intel FPGA Knowledge Database contains many articles with specific details on how to resolve this error. Visit the Knowledge Database at https://www.altera.com/support/support-resources/knowledge-base/search.html and search for this specific error message number. File: C:/Users/mateo/Desktop/Frogger_ganador/rtl/SC_COUNTER_LEVELS.v Line: 7
Error (10170): Verilog HDL syntax error at SC_COUNTER_LEVELS.v(16) near text: Ã. Check for and fix any syntax errors that appear immediately before or at the specified keyword. The Intel FPGA Knowledge Database contains many articles with specific details on how to resolve this error. Visit the Knowledge Database at https://www.altera.com/support/support-resources/knowledge-base/search.html and search for this specific error message number. File: C:/Users/mateo/Desktop/Frogger_ganador/rtl/SC_COUNTER_LEVELS.v Line: 16
Error (10170): Verilog HDL syntax error at SC_COUNTER_LEVELS.v(16) near text: "Ã";  expecting ";". Check for and fix any syntax errors that appear immediately before or at the specified keyword. The Intel FPGA Knowledge Database contains many articles with specific details on how to resolve this error. Visit the Knowledge Database at https://www.altera.com/support/support-resources/knowledge-base/search.html and search for this specific error message number. File: C:/Users/mateo/Desktop/Frogger_ganador/rtl/SC_COUNTER_LEVELS.v Line: 16
Error (10170): Verilog HDL syntax error at SC_COUNTER_LEVELS.v(16) near text: ±. Check for and fix any syntax errors that appear immediately before or at the specified keyword. The Intel FPGA Knowledge Database contains many articles with specific details on how to resolve this error. Visit the Knowledge Database at https://www.altera.com/support/support-resources/knowledge-base/search.html and search for this specific error message number. File: C:/Users/mateo/Desktop/Frogger_ganador/rtl/SC_COUNTER_LEVELS.v Line: 16
Error (10170): Verilog HDL syntax error at SC_COUNTER_LEVELS.v(19) near text: Ã. Check for and fix any syntax errors that appear immediately before or at the specified keyword. The Intel FPGA Knowledge Database contains many articles with specific details on how to resolve this error. Visit the Knowledge Database at https://www.altera.com/support/support-resources/knowledge-base/search.html and search for this specific error message number. File: C:/Users/mateo/Desktop/Frogger_ganador/rtl/SC_COUNTER_LEVELS.v Line: 19
Error (10170): Verilog HDL syntax error at SC_COUNTER_LEVELS.v(19) near text: "Ã";  expecting ";". Check for and fix any syntax errors that appear immediately before or at the specified keyword. The Intel FPGA Knowledge Database contains many articles with specific details on how to resolve this error. Visit the Knowledge Database at https://www.altera.com/support/support-resources/knowledge-base/search.html and search for this specific error message number. File: C:/Users/mateo/Desktop/Frogger_ganador/rtl/SC_COUNTER_LEVELS.v Line: 19
Error (10170): Verilog HDL syntax error at SC_COUNTER_LEVELS.v(19) near text: ±. Check for and fix any syntax errors that appear immediately before or at the specified keyword. The Intel FPGA Knowledge Database contains many articles with specific details on how to resolve this error. Visit the Knowledge Database at https://www.altera.com/support/support-resources/knowledge-base/search.html and search for this specific error message number. File: C:/Users/mateo/Desktop/Frogger_ganador/rtl/SC_COUNTER_LEVELS.v Line: 19
Error (10170): Verilog HDL syntax error at SC_COUNTER_LEVELS.v(32) near text: Ã. Check for and fix any syntax errors that appear immediately before or at the specified keyword. The Intel FPGA Knowledge Database contains many articles with specific details on how to resolve this error. Visit the Knowledge Database at https://www.altera.com/support/support-resources/knowledge-base/search.html and search for this specific error message number. File: C:/Users/mateo/Desktop/Frogger_ganador/rtl/SC_COUNTER_LEVELS.v Line: 32
Error (10170): Verilog HDL syntax error at SC_COUNTER_LEVELS.v(32) near text: "Ã";  expecting ")". Check for and fix any syntax errors that appear immediately before or at the specified keyword. The Intel FPGA Knowledge Database contains many articles with specific details on how to resolve this error. Visit the Knowledge Database at https://www.altera.com/support/support-resources/knowledge-base/search.html and search for this specific error message number. File: C:/Users/mateo/Desktop/Frogger_ganador/rtl/SC_COUNTER_LEVELS.v Line: 32
Error (10170): Verilog HDL syntax error at SC_COUNTER_LEVELS.v(32) near text: ±. Check for and fix any syntax errors that appear immediately before or at the specified keyword. The Intel FPGA Knowledge Database contains many articles with specific details on how to resolve this error. Visit the Knowledge Database at https://www.altera.com/support/support-resources/knowledge-base/search.html and search for this specific error message number. File: C:/Users/mateo/Desktop/Frogger_ganador/rtl/SC_COUNTER_LEVELS.v Line: 32
Error (10170): Verilog HDL syntax error at SC_COUNTER_LEVELS.v(34) near text: "else";  expecting "end". Check for and fix any syntax errors that appear immediately before or at the specified keyword. The Intel FPGA Knowledge Database contains many articles with specific details on how to resolve this error. Visit the Knowledge Database at https://www.altera.com/support/support-resources/knowledge-base/search.html and search for this specific error message number. File: C:/Users/mateo/Desktop/Frogger_ganador/rtl/SC_COUNTER_LEVELS.v Line: 34
Error (10170): Verilog HDL syntax error at SC_COUNTER_LEVELS.v(49) near text: Ã. Check for and fix any syntax errors that appear immediately before or at the specified keyword. The Intel FPGA Knowledge Database contains many articles with specific details on how to resolve this error. Visit the Knowledge Database at https://www.altera.com/support/support-resources/knowledge-base/search.html and search for this specific error message number. File: C:/Users/mateo/Desktop/Frogger_ganador/rtl/SC_COUNTER_LEVELS.v Line: 49
Error (10170): Verilog HDL syntax error at SC_COUNTER_LEVELS.v(49) near text: "Ã";  expecting "=". Check for and fix any syntax errors that appear immediately before or at the specified keyword. The Intel FPGA Knowledge Database contains many articles with specific details on how to resolve this error. Visit the Knowledge Database at https://www.altera.com/support/support-resources/knowledge-base/search.html and search for this specific error message number. File: C:/Users/mateo/Desktop/Frogger_ganador/rtl/SC_COUNTER_LEVELS.v Line: 49
Error (10170): Verilog HDL syntax error at SC_COUNTER_LEVELS.v(49) near text: ±. Check for and fix any syntax errors that appear immediately before or at the specified keyword. The Intel FPGA Knowledge Database contains many articles with specific details on how to resolve this error. Visit the Knowledge Database at https://www.altera.com/support/support-resources/knowledge-base/search.html and search for this specific error message number. File: C:/Users/mateo/Desktop/Frogger_ganador/rtl/SC_COUNTER_LEVELS.v Line: 49
Info (12021): Found 0 design units, including 0 entities, in source file rtl/sc_counter_levels.v
Error (10170): Verilog HDL syntax error at SC.STATEMACHINEGENERAL.v(31) near text: "output";  expecting an identifier ("output" is a reserved keyword ). Check for and fix any syntax errors that appear immediately before or at the specified keyword. The Intel FPGA Knowledge Database contains many articles with specific details on how to resolve this error. Visit the Knowledge Database at https://www.altera.com/support/support-resources/knowledge-base/search.html and search for this specific error message number. File: C:/Users/mateo/Desktop/Frogger_ganador/rtl/SC.STATEMACHINEGENERAL.v Line: 31
Error (10170): Verilog HDL syntax error at SC.STATEMACHINEGENERAL.v(56) near text: "else";  expecting ";". Check for and fix any syntax errors that appear immediately before or at the specified keyword. The Intel FPGA Knowledge Database contains many articles with specific details on how to resolve this error. Visit the Knowledge Database at https://www.altera.com/support/support-resources/knowledge-base/search.html and search for this specific error message number. File: C:/Users/mateo/Desktop/Frogger_ganador/rtl/SC.STATEMACHINEGENERAL.v Line: 56
Error (10170): Verilog HDL syntax error at SC.STATEMACHINEGENERAL.v(58) near text: "STATE_CONTINUA_1";  expecting ";". Check for and fix any syntax errors that appear immediately before or at the specified keyword. The Intel FPGA Knowledge Database contains many articles with specific details on how to resolve this error. Visit the Knowledge Database at https://www.altera.com/support/support-resources/knowledge-base/search.html and search for this specific error message number. File: C:/Users/mateo/Desktop/Frogger_ganador/rtl/SC.STATEMACHINEGENERAL.v Line: 58
Error (10170): Verilog HDL syntax error at SC.STATEMACHINEGENERAL.v(58) near text: "'0". Check for and fix any syntax errors that appear immediately before or at the specified keyword. The Intel FPGA Knowledge Database contains many articles with specific details on how to resolve this error. Visit the Knowledge Database at https://www.altera.com/support/support-resources/knowledge-base/search.html and search for this specific error message number. File: C:/Users/mateo/Desktop/Frogger_ganador/rtl/SC.STATEMACHINEGENERAL.v Line: 58
Error (10839): Verilog HDL error at SC.STATEMACHINEGENERAL.v(58): '0 is a SystemVerilog feature File: C:/Users/mateo/Desktop/Frogger_ganador/rtl/SC.STATEMACHINEGENERAL.v Line: 58
Warning (10238): Verilog Module Declaration warning at SC.STATEMACHINEGENERAL.v(19): ignored anonymous port(s) indicated by duplicate or dangling comma(s) in the port list for module "SC_STATEMACHINEGENERAL" File: C:/Users/mateo/Desktop/Frogger_ganador/rtl/SC.STATEMACHINEGENERAL.v Line: 19
Error (10112): Ignored design unit "SC_STATEMACHINEGENERAL" at SC.STATEMACHINEGENERAL.v(7) due to previous errors File: C:/Users/mateo/Desktop/Frogger_ganador/rtl/SC.STATEMACHINEGENERAL.v Line: 7
Info (12021): Found 0 design units, including 0 entities, in source file rtl/sc.statemachinegeneral.v
Error (10170): Verilog HDL syntax error at CC_COMPARATOR_LIVES.v(6) near text: Ã. Check for and fix any syntax errors that appear immediately before or at the specified keyword. The Intel FPGA Knowledge Database contains many articles with specific details on how to resolve this error. Visit the Knowledge Database at https://www.altera.com/support/support-resources/knowledge-base/search.html and search for this specific error message number. File: C:/Users/mateo/Desktop/Frogger_ganador/rtl/CC_COMPARATOR_LIVES.v Line: 6
Error (10170): Verilog HDL syntax error at CC_COMPARATOR_LIVES.v(6) near text: "Ã";  expecting ")". Check for and fix any syntax errors that appear immediately before or at the specified keyword. The Intel FPGA Knowledge Database contains many articles with specific details on how to resolve this error. Visit the Knowledge Database at https://www.altera.com/support/support-resources/knowledge-base/search.html and search for this specific error message number. File: C:/Users/mateo/Desktop/Frogger_ganador/rtl/CC_COMPARATOR_LIVES.v Line: 6
Error (10170): Verilog HDL syntax error at CC_COMPARATOR_LIVES.v(6) near text: ±. Check for and fix any syntax errors that appear immediately before or at the specified keyword. The Intel FPGA Knowledge Database contains many articles with specific details on how to resolve this error. Visit the Knowledge Database at https://www.altera.com/support/support-resources/knowledge-base/search.html and search for this specific error message number. File: C:/Users/mateo/Desktop/Frogger_ganador/rtl/CC_COMPARATOR_LIVES.v Line: 6
Error (10170): Verilog HDL syntax error at CC_COMPARATOR_LIVES.v(8) near text: Ã. Check for and fix any syntax errors that appear immediately before or at the specified keyword. The Intel FPGA Knowledge Database contains many articles with specific details on how to resolve this error. Visit the Knowledge Database at https://www.altera.com/support/support-resources/knowledge-base/search.html and search for this specific error message number. File: C:/Users/mateo/Desktop/Frogger_ganador/rtl/CC_COMPARATOR_LIVES.v Line: 8
Error (10170): Verilog HDL syntax error at CC_COMPARATOR_LIVES.v(8) near text: ±. Check for and fix any syntax errors that appear immediately before or at the specified keyword. The Intel FPGA Knowledge Database contains many articles with specific details on how to resolve this error. Visit the Knowledge Database at https://www.altera.com/support/support-resources/knowledge-base/search.html and search for this specific error message number. File: C:/Users/mateo/Desktop/Frogger_ganador/rtl/CC_COMPARATOR_LIVES.v Line: 8
Error (10170): Verilog HDL syntax error at CC_COMPARATOR_LIVES.v(17) near text: Ã. Check for and fix any syntax errors that appear immediately before or at the specified keyword. The Intel FPGA Knowledge Database contains many articles with specific details on how to resolve this error. Visit the Knowledge Database at https://www.altera.com/support/support-resources/knowledge-base/search.html and search for this specific error message number. File: C:/Users/mateo/Desktop/Frogger_ganador/rtl/CC_COMPARATOR_LIVES.v Line: 17
Error (10170): Verilog HDL syntax error at CC_COMPARATOR_LIVES.v(17) near text: "Ã";  expecting ";". Check for and fix any syntax errors that appear immediately before or at the specified keyword. The Intel FPGA Knowledge Database contains many articles with specific details on how to resolve this error. Visit the Knowledge Database at https://www.altera.com/support/support-resources/knowledge-base/search.html and search for this specific error message number. File: C:/Users/mateo/Desktop/Frogger_ganador/rtl/CC_COMPARATOR_LIVES.v Line: 17
Error (10170): Verilog HDL syntax error at CC_COMPARATOR_LIVES.v(17) near text: ±. Check for and fix any syntax errors that appear immediately before or at the specified keyword. The Intel FPGA Knowledge Database contains many articles with specific details on how to resolve this error. Visit the Knowledge Database at https://www.altera.com/support/support-resources/knowledge-base/search.html and search for this specific error message number. File: C:/Users/mateo/Desktop/Frogger_ganador/rtl/CC_COMPARATOR_LIVES.v Line: 17
Error (10170): Verilog HDL syntax error at CC_COMPARATOR_LIVES.v(18) near text: Ã. Check for and fix any syntax errors that appear immediately before or at the specified keyword. The Intel FPGA Knowledge Database contains many articles with specific details on how to resolve this error. Visit the Knowledge Database at https://www.altera.com/support/support-resources/knowledge-base/search.html and search for this specific error message number. File: C:/Users/mateo/Desktop/Frogger_ganador/rtl/CC_COMPARATOR_LIVES.v Line: 18
Error (10170): Verilog HDL syntax error at CC_COMPARATOR_LIVES.v(18) near text: "Ã";  expecting ";". Check for and fix any syntax errors that appear immediately before or at the specified keyword. The Intel FPGA Knowledge Database contains many articles with specific details on how to resolve this error. Visit the Knowledge Database at https://www.altera.com/support/support-resources/knowledge-base/search.html and search for this specific error message number. File: C:/Users/mateo/Desktop/Frogger_ganador/rtl/CC_COMPARATOR_LIVES.v Line: 18
Error (10170): Verilog HDL syntax error at CC_COMPARATOR_LIVES.v(18) near text: ±. Check for and fix any syntax errors that appear immediately before or at the specified keyword. The Intel FPGA Knowledge Database contains many articles with specific details on how to resolve this error. Visit the Knowledge Database at https://www.altera.com/support/support-resources/knowledge-base/search.html and search for this specific error message number. File: C:/Users/mateo/Desktop/Frogger_ganador/rtl/CC_COMPARATOR_LIVES.v Line: 18
Error (10170): Verilog HDL syntax error at CC_COMPARATOR_LIVES.v(25) near text: Ã. Check for and fix any syntax errors that appear immediately before or at the specified keyword. The Intel FPGA Knowledge Database contains many articles with specific details on how to resolve this error. Visit the Knowledge Database at https://www.altera.com/support/support-resources/knowledge-base/search.html and search for this specific error message number. File: C:/Users/mateo/Desktop/Frogger_ganador/rtl/CC_COMPARATOR_LIVES.v Line: 25
Error (10170): Verilog HDL syntax error at CC_COMPARATOR_LIVES.v(25) near text: "Ã";  expecting ")". Check for and fix any syntax errors that appear immediately before or at the specified keyword. The Intel FPGA Knowledge Database contains many articles with specific details on how to resolve this error. Visit the Knowledge Database at https://www.altera.com/support/support-resources/knowledge-base/search.html and search for this specific error message number. File: C:/Users/mateo/Desktop/Frogger_ganador/rtl/CC_COMPARATOR_LIVES.v Line: 25
Error (10170): Verilog HDL syntax error at CC_COMPARATOR_LIVES.v(25) near text: ±. Check for and fix any syntax errors that appear immediately before or at the specified keyword. The Intel FPGA Knowledge Database contains many articles with specific details on how to resolve this error. Visit the Knowledge Database at https://www.altera.com/support/support-resources/knowledge-base/search.html and search for this specific error message number. File: C:/Users/mateo/Desktop/Frogger_ganador/rtl/CC_COMPARATOR_LIVES.v Line: 25
Error (10170): Verilog HDL syntax error at CC_COMPARATOR_LIVES.v(27) near text: Ã. Check for and fix any syntax errors that appear immediately before or at the specified keyword. The Intel FPGA Knowledge Database contains many articles with specific details on how to resolve this error. Visit the Knowledge Database at https://www.altera.com/support/support-resources/knowledge-base/search.html and search for this specific error message number. File: C:/Users/mateo/Desktop/Frogger_ganador/rtl/CC_COMPARATOR_LIVES.v Line: 27
Error (10170): Verilog HDL syntax error at CC_COMPARATOR_LIVES.v(27) near text: ±. Check for and fix any syntax errors that appear immediately before or at the specified keyword. The Intel FPGA Knowledge Database contains many articles with specific details on how to resolve this error. Visit the Knowledge Database at https://www.altera.com/support/support-resources/knowledge-base/search.html and search for this specific error message number. File: C:/Users/mateo/Desktop/Frogger_ganador/rtl/CC_COMPARATOR_LIVES.v Line: 27
Error (10170): Verilog HDL syntax error at CC_COMPARATOR_LIVES.v(28) near text: Ã. Check for and fix any syntax errors that appear immediately before or at the specified keyword. The Intel FPGA Knowledge Database contains many articles with specific details on how to resolve this error. Visit the Knowledge Database at https://www.altera.com/support/support-resources/knowledge-base/search.html and search for this specific error message number. File: C:/Users/mateo/Desktop/Frogger_ganador/rtl/CC_COMPARATOR_LIVES.v Line: 28
Error (10170): Verilog HDL syntax error at CC_COMPARATOR_LIVES.v(28) near text: ±. Check for and fix any syntax errors that appear immediately before or at the specified keyword. The Intel FPGA Knowledge Database contains many articles with specific details on how to resolve this error. Visit the Knowledge Database at https://www.altera.com/support/support-resources/knowledge-base/search.html and search for this specific error message number. File: C:/Users/mateo/Desktop/Frogger_ganador/rtl/CC_COMPARATOR_LIVES.v Line: 28
Error (10170): Verilog HDL syntax error at CC_COMPARATOR_LIVES.v(30) near text: Ã. Check for and fix any syntax errors that appear immediately before or at the specified keyword. The Intel FPGA Knowledge Database contains many articles with specific details on how to resolve this error. Visit the Knowledge Database at https://www.altera.com/support/support-resources/knowledge-base/search.html and search for this specific error message number. File: C:/Users/mateo/Desktop/Frogger_ganador/rtl/CC_COMPARATOR_LIVES.v Line: 30
Info (12021): Found 0 design units, including 0 entities, in source file rtl/cc_comparator_lives.v
Error (10170): Verilog HDL syntax error at CC_COMPARATOR_LEVELS.v(6) near text: Ã. Check for and fix any syntax errors that appear immediately before or at the specified keyword. The Intel FPGA Knowledge Database contains many articles with specific details on how to resolve this error. Visit the Knowledge Database at https://www.altera.com/support/support-resources/knowledge-base/search.html and search for this specific error message number. File: C:/Users/mateo/Desktop/Frogger_ganador/rtl/CC_COMPARATOR_LEVELS.v Line: 6
Error (10170): Verilog HDL syntax error at CC_COMPARATOR_LEVELS.v(6) near text: "Ã";  expecting ")". Check for and fix any syntax errors that appear immediately before or at the specified keyword. The Intel FPGA Knowledge Database contains many articles with specific details on how to resolve this error. Visit the Knowledge Database at https://www.altera.com/support/support-resources/knowledge-base/search.html and search for this specific error message number. File: C:/Users/mateo/Desktop/Frogger_ganador/rtl/CC_COMPARATOR_LEVELS.v Line: 6
Error (10170): Verilog HDL syntax error at CC_COMPARATOR_LEVELS.v(6) near text: ±. Check for and fix any syntax errors that appear immediately before or at the specified keyword. The Intel FPGA Knowledge Database contains many articles with specific details on how to resolve this error. Visit the Knowledge Database at https://www.altera.com/support/support-resources/knowledge-base/search.html and search for this specific error message number. File: C:/Users/mateo/Desktop/Frogger_ganador/rtl/CC_COMPARATOR_LEVELS.v Line: 6
Error (10170): Verilog HDL syntax error at CC_COMPARATOR_LEVELS.v(8) near text: Ã. Check for and fix any syntax errors that appear immediately before or at the specified keyword. The Intel FPGA Knowledge Database contains many articles with specific details on how to resolve this error. Visit the Knowledge Database at https://www.altera.com/support/support-resources/knowledge-base/search.html and search for this specific error message number. File: C:/Users/mateo/Desktop/Frogger_ganador/rtl/CC_COMPARATOR_LEVELS.v Line: 8
Error (10170): Verilog HDL syntax error at CC_COMPARATOR_LEVELS.v(8) near text: ±. Check for and fix any syntax errors that appear immediately before or at the specified keyword. The Intel FPGA Knowledge Database contains many articles with specific details on how to resolve this error. Visit the Knowledge Database at https://www.altera.com/support/support-resources/knowledge-base/search.html and search for this specific error message number. File: C:/Users/mateo/Desktop/Frogger_ganador/rtl/CC_COMPARATOR_LEVELS.v Line: 8
Error (10170): Verilog HDL syntax error at CC_COMPARATOR_LEVELS.v(17) near text: Ã. Check for and fix any syntax errors that appear immediately before or at the specified keyword. The Intel FPGA Knowledge Database contains many articles with specific details on how to resolve this error. Visit the Knowledge Database at https://www.altera.com/support/support-resources/knowledge-base/search.html and search for this specific error message number. File: C:/Users/mateo/Desktop/Frogger_ganador/rtl/CC_COMPARATOR_LEVELS.v Line: 17
Error (10170): Verilog HDL syntax error at CC_COMPARATOR_LEVELS.v(17) near text: "Ã";  expecting ";". Check for and fix any syntax errors that appear immediately before or at the specified keyword. The Intel FPGA Knowledge Database contains many articles with specific details on how to resolve this error. Visit the Knowledge Database at https://www.altera.com/support/support-resources/knowledge-base/search.html and search for this specific error message number. File: C:/Users/mateo/Desktop/Frogger_ganador/rtl/CC_COMPARATOR_LEVELS.v Line: 17
Error (10170): Verilog HDL syntax error at CC_COMPARATOR_LEVELS.v(17) near text: ±. Check for and fix any syntax errors that appear immediately before or at the specified keyword. The Intel FPGA Knowledge Database contains many articles with specific details on how to resolve this error. Visit the Knowledge Database at https://www.altera.com/support/support-resources/knowledge-base/search.html and search for this specific error message number. File: C:/Users/mateo/Desktop/Frogger_ganador/rtl/CC_COMPARATOR_LEVELS.v Line: 17
Error (10170): Verilog HDL syntax error at CC_COMPARATOR_LEVELS.v(18) near text: Ã. Check for and fix any syntax errors that appear immediately before or at the specified keyword. The Intel FPGA Knowledge Database contains many articles with specific details on how to resolve this error. Visit the Knowledge Database at https://www.altera.com/support/support-resources/knowledge-base/search.html and search for this specific error message number. File: C:/Users/mateo/Desktop/Frogger_ganador/rtl/CC_COMPARATOR_LEVELS.v Line: 18
Error (10170): Verilog HDL syntax error at CC_COMPARATOR_LEVELS.v(18) near text: "Ã";  expecting ";". Check for and fix any syntax errors that appear immediately before or at the specified keyword. The Intel FPGA Knowledge Database contains many articles with specific details on how to resolve this error. Visit the Knowledge Database at https://www.altera.com/support/support-resources/knowledge-base/search.html and search for this specific error message number. File: C:/Users/mateo/Desktop/Frogger_ganador/rtl/CC_COMPARATOR_LEVELS.v Line: 18
Error (10170): Verilog HDL syntax error at CC_COMPARATOR_LEVELS.v(18) near text: ±. Check for and fix any syntax errors that appear immediately before or at the specified keyword. The Intel FPGA Knowledge Database contains many articles with specific details on how to resolve this error. Visit the Knowledge Database at https://www.altera.com/support/support-resources/knowledge-base/search.html and search for this specific error message number. File: C:/Users/mateo/Desktop/Frogger_ganador/rtl/CC_COMPARATOR_LEVELS.v Line: 18
Error (10170): Verilog HDL syntax error at CC_COMPARATOR_LEVELS.v(25) near text: Ã. Check for and fix any syntax errors that appear immediately before or at the specified keyword. The Intel FPGA Knowledge Database contains many articles with specific details on how to resolve this error. Visit the Knowledge Database at https://www.altera.com/support/support-resources/knowledge-base/search.html and search for this specific error message number. File: C:/Users/mateo/Desktop/Frogger_ganador/rtl/CC_COMPARATOR_LEVELS.v Line: 25
Error (10170): Verilog HDL syntax error at CC_COMPARATOR_LEVELS.v(25) near text: "Ã";  expecting ")". Check for and fix any syntax errors that appear immediately before or at the specified keyword. The Intel FPGA Knowledge Database contains many articles with specific details on how to resolve this error. Visit the Knowledge Database at https://www.altera.com/support/support-resources/knowledge-base/search.html and search for this specific error message number. File: C:/Users/mateo/Desktop/Frogger_ganador/rtl/CC_COMPARATOR_LEVELS.v Line: 25
Error (10170): Verilog HDL syntax error at CC_COMPARATOR_LEVELS.v(25) near text: ±. Check for and fix any syntax errors that appear immediately before or at the specified keyword. The Intel FPGA Knowledge Database contains many articles with specific details on how to resolve this error. Visit the Knowledge Database at https://www.altera.com/support/support-resources/knowledge-base/search.html and search for this specific error message number. File: C:/Users/mateo/Desktop/Frogger_ganador/rtl/CC_COMPARATOR_LEVELS.v Line: 25
Error (10170): Verilog HDL syntax error at CC_COMPARATOR_LEVELS.v(27) near text: Ã. Check for and fix any syntax errors that appear immediately before or at the specified keyword. The Intel FPGA Knowledge Database contains many articles with specific details on how to resolve this error. Visit the Knowledge Database at https://www.altera.com/support/support-resources/knowledge-base/search.html and search for this specific error message number. File: C:/Users/mateo/Desktop/Frogger_ganador/rtl/CC_COMPARATOR_LEVELS.v Line: 27
Error (10170): Verilog HDL syntax error at CC_COMPARATOR_LEVELS.v(27) near text: ±. Check for and fix any syntax errors that appear immediately before or at the specified keyword. The Intel FPGA Knowledge Database contains many articles with specific details on how to resolve this error. Visit the Knowledge Database at https://www.altera.com/support/support-resources/knowledge-base/search.html and search for this specific error message number. File: C:/Users/mateo/Desktop/Frogger_ganador/rtl/CC_COMPARATOR_LEVELS.v Line: 27
Error (10170): Verilog HDL syntax error at CC_COMPARATOR_LEVELS.v(28) near text: Ã. Check for and fix any syntax errors that appear immediately before or at the specified keyword. The Intel FPGA Knowledge Database contains many articles with specific details on how to resolve this error. Visit the Knowledge Database at https://www.altera.com/support/support-resources/knowledge-base/search.html and search for this specific error message number. File: C:/Users/mateo/Desktop/Frogger_ganador/rtl/CC_COMPARATOR_LEVELS.v Line: 28
Error (10170): Verilog HDL syntax error at CC_COMPARATOR_LEVELS.v(28) near text: ±. Check for and fix any syntax errors that appear immediately before or at the specified keyword. The Intel FPGA Knowledge Database contains many articles with specific details on how to resolve this error. Visit the Knowledge Database at https://www.altera.com/support/support-resources/knowledge-base/search.html and search for this specific error message number. File: C:/Users/mateo/Desktop/Frogger_ganador/rtl/CC_COMPARATOR_LEVELS.v Line: 28
Error (10170): Verilog HDL syntax error at CC_COMPARATOR_LEVELS.v(30) near text: Ã. Check for and fix any syntax errors that appear immediately before or at the specified keyword. The Intel FPGA Knowledge Database contains many articles with specific details on how to resolve this error. Visit the Knowledge Database at https://www.altera.com/support/support-resources/knowledge-base/search.html and search for this specific error message number. File: C:/Users/mateo/Desktop/Frogger_ganador/rtl/CC_COMPARATOR_LEVELS.v Line: 30
Info (12021): Found 0 design units, including 0 entities, in source file rtl/cc_comparator_levels.v
Info (144001): Generated suppressed messages file C:/Users/mateo/Desktop/Frogger_ganador/BB_SYSTEM.map.smsg
Error: Quartus Prime Analysis & Elaboration was unsuccessful. 92 errors, 2 warnings
    Error: Peak virtual memory: 4707 megabytes
    Error: Processing ended: Mon Nov 21 08:30:28 2022
    Error: Elapsed time: 00:00:07
    Error: Total CPU time (on all processors): 00:00:07


+--------------------------------------------+
; Analysis & Elaboration Suppressed Messages ;
+--------------------------------------------+
The suppressed messages can be found in C:/Users/mateo/Desktop/Frogger_ganador/BB_SYSTEM.map.smsg.


